# JRE version: OpenJDK Runtime Environment (8.0_242-b01) (build 1.8.0_242-release-1644-b01)
# Java VM: OpenJDK 64-Bit Server VM (25.242-b01 mixed mode windows-amd64 compressed oops)
Heap:
 PSYoungGen      total 183296K, used 178720K [0x00000000d5580000, 0x00000000e2580000, 0x0000000100000000)
  eden space 174592K, 97% used [0x00000000d5580000,0x00000000dfbb76e8,0x00000000e0000000)
  from space 8704K, 97% used [0x00000000e1d00000,0x00000000e2550c08,0x00000000e2580000)
  to   space 12800K, 0% used [0x00000000e0c80000,0x00000000e0c80000,0x00000000e1900000)
 ParOldGen       total 71168K, used 17977K [0x0000000080000000, 0x0000000084580000, 0x00000000d5580000)
  object space 71168K, 25% used [0x0000000080000000,0x000000008118e760,0x0000000084580000)
 Metaspace       used 52757K, capacity 54738K, committed 55080K, reserved 1097728K
  class space    used 7014K, capacity 7431K, committed 7472K, reserved 1048576K
GC Heap History (10 events):
Event: 9.749 GC heap before
{Heap before GC invocations=8 (full 1):
 PSYoungGen      total 76288K, used 3904K [0x00000000d5580000, 0x00000000dea80000, 0x0000000100000000)
  eden space 65536K, 0% used [0x00000000d5580000,0x00000000d5580000,0x00000000d9580000)
  from space 10752K, 36% used [0x00000000d9580000,0x00000000d9950030,0x00000000da000000)
  to   space 10752K, 0% used [0x00000000de000000,0x00000000de000000,0x00000000dea80000)
 ParOldGen       total 87552K, used 8851K [0x0000000080000000, 0x0000000085580000, 0x00000000d5580000)
  object space 87552K, 10% used [0x0000000080000000,0x00000000808a4ce8,0x0000000085580000)
 Metaspace       used 20580K, capacity 21224K, committed 21296K, reserved 1067008K
  class space    used 2872K, capacity 3076K, committed 3120K, reserved 1048576K
Event: 9.796 GC heap after
Heap after GC invocations=8 (full 1):
 PSYoungGen      total 76288K, used 0K [0x00000000d5580000, 0x00000000dea80000, 0x0000000100000000)
  eden space 65536K, 0% used [0x00000000d5580000,0x00000000d5580000,0x00000000d9580000)
  from space 10752K, 0% used [0x00000000d9580000,0x00000000d9580000,0x00000000da000000)
  to   space 10752K, 0% used [0x00000000de000000,0x00000000de000000,0x00000000dea80000)
 ParOldGen       total 47104K, used 6761K [0x0000000080000000, 0x0000000082e00000, 0x00000000d5580000)
  object space 47104K, 14% used [0x0000000080000000,0x000000008069a698,0x0000000082e00000)
 Metaspace       used 20580K, capacity 21224K, committed 21296K, reserved 1067008K
  class space    used 2872K, capacity 3076K, committed 3120K, reserved 1048576K
}
Event: 11.318 GC heap before
{Heap before GC invocations=9 (full 1):
 PSYoungGen      total 76288K, used 65536K [0x00000000d5580000, 0x00000000dea80000, 0x0000000100000000)
  eden space 65536K, 100% used [0x00000000d5580000,0x00000000d9580000,0x00000000d9580000)
  from space 10752K, 0% used [0x00000000d9580000,0x00000000d9580000,0x00000000da000000)
  to   space 10752K, 0% used [0x00000000de000000,0x00000000de000000,0x00000000dea80000)
 ParOldGen       total 47104K, used 6761K [0x0000000080000000, 0x0000000082e00000, 0x00000000d5580000)
  object space 47104K, 14% used [0x0000000080000000,0x000000008069a698,0x0000000082e00000)
 Metaspace       used 28524K, capacity 29374K, committed 29616K, reserved 1075200K
  class space    used 3943K, capacity 4187K, committed 4272K, reserved 1048576K
Event: 11.340 GC heap after
Heap after GC invocations=9 (full 1):
 PSYoungGen      total 133632K, used 8281K [0x00000000d5580000, 0x00000000de880000, 0x0000000100000000)
  eden space 124928K, 0% used [0x00000000d5580000,0x00000000d5580000,0x00000000dcf80000)
  from space 8704K, 95% used [0x00000000de000000,0x00000000de8165a0,0x00000000de880000)
  to   space 11264K, 0% used [0x00000000dd280000,0x00000000dd280000,0x00000000ddd80000)
 ParOldGen       total 47104K, used 6769K [0x0000000080000000, 0x0000000082e00000, 0x00000000d5580000)
  object space 47104K, 14% used [0x0000000080000000,0x000000008069c698,0x0000000082e00000)
 Metaspace       used 28524K, capacity 29374K, committed 29616K, reserved 1075200K
  class space    used 3943K, capacity 4187K, committed 4272K, reserved 1048576K
}
Event: 12.629 GC heap before
{Heap before GC invocations=10 (full 1):
 PSYoungGen      total 133632K, used 109781K [0x00000000d5580000, 0x00000000de880000, 0x0000000100000000)
  eden space 124928K, 81% used [0x00000000d5580000,0x00000000db89efd8,0x00000000dcf80000)
  from space 8704K, 95% used [0x00000000de000000,0x00000000de8165a0,0x00000000de880000)
  to   space 11264K, 0% used [0x00000000dd280000,0x00000000dd280000,0x00000000ddd80000)
 ParOldGen       total 47104K, used 6769K [0x0000000080000000, 0x0000000082e00000, 0x00000000d5580000)
  object space 47104K, 14% used [0x0000000080000000,0x000000008069c698,0x0000000082e00000)
 Metaspace       used 34274K, capacity 35412K, committed 35496K, reserved 1079296K
  class space    used 4710K, capacity 5001K, committed 5040K, reserved 1048576K
Event: 12.645 GC heap after
Heap after GC invocations=10 (full 1):
 PSYoungGen      total 139264K, used 11246K [0x00000000d5580000, 0x00000000e2980000, 0x0000000100000000)
  eden space 128000K, 0% used [0x00000000d5580000,0x00000000d5580000,0x00000000dd280000)
  from space 11264K, 99% used [0x00000000dd280000,0x00000000ddd7bab0,0x00000000ddd80000)
  to   space 12800K, 0% used [0x00000000e1d00000,0x00000000e1d00000,0x00000000e2980000)
 ParOldGen       total 47104K, used 7340K [0x0000000080000000, 0x0000000082e00000, 0x00000000d5580000)
  object space 47104K, 15% used [0x0000000080000000,0x000000008072b3e8,0x0000000082e00000)
 Metaspace       used 34274K, capacity 35412K, committed 35496K, reserved 1079296K
  class space    used 4710K, capacity 5001K, committed 5040K, reserved 1048576K
}
Event: 12.645 GC heap before
{Heap before GC invocations=11 (full 2):
 PSYoungGen      total 139264K, used 11246K [0x00000000d5580000, 0x00000000e2980000, 0x0000000100000000)
  eden space 128000K, 0% used [0x00000000d5580000,0x00000000d5580000,0x00000000dd280000)
  from space 11264K, 99% used [0x00000000dd280000,0x00000000ddd7bab0,0x00000000ddd80000)
  to   space 12800K, 0% used [0x00000000e1d00000,0x00000000e1d00000,0x00000000e2980000)
 ParOldGen       total 47104K, used 7340K [0x0000000080000000, 0x0000000082e00000, 0x00000000d5580000)
  object space 47104K, 15% used [0x0000000080000000,0x000000008072b3e8,0x0000000082e00000)
 Metaspace       used 34274K, capacity 35412K, committed 35496K, reserved 1079296K
  class space    used 4710K, capacity 5001K, committed 5040K, reserved 1048576K
Event: 12.735 GC heap after
Heap after GC invocations=11 (full 2):
 PSYoungGen      total 139264K, used 0K [0x00000000d5580000, 0x00000000e2980000, 0x0000000100000000)
  eden space 128000K, 0% used [0x00000000d5580000,0x00000000d5580000,0x00000000dd280000)
  from space 11264K, 0% used [0x00000000dd280000,0x00000000dd280000,0x00000000ddd80000)
  to   space 12800K, 0% used [0x00000000e1d00000,0x00000000e1d00000,0x00000000e2980000)
 ParOldGen       total 71168K, used 17969K [0x0000000080000000, 0x0000000084580000, 0x00000000d5580000)
  object space 71168K, 25% used [0x0000000080000000,0x000000008118c760,0x0000000084580000)
 Metaspace       used 34274K, capacity 35412K, committed 35496K, reserved 1079296K
  class space    used 4710K, capacity 5001K, committed 5040K, reserved 1048576K
}
Event: 15.231 GC heap before
{Heap before GC invocations=12 (full 2):
 PSYoungGen      total 139264K, used 128000K [0x00000000d5580000, 0x00000000e2980000, 0x0000000100000000)
  eden space 128000K, 100% used [0x00000000d5580000,0x00000000dd280000,0x00000000dd280000)
  from space 11264K, 0% used [0x00000000dd280000,0x00000000dd280000,0x00000000ddd80000)
  to   space 12800K, 0% used [0x00000000e1d00000,0x00000000e1d00000,0x00000000e2980000)
 ParOldGen       total 71168K, used 17969K [0x0000000080000000, 0x0000000084580000, 0x00000000d5580000)
  object space 71168K, 25% used [0x0000000080000000,0x000000008118c760,0x0000000084580000)
 Metaspace       used 38367K, capacity 40056K, committed 40232K, reserved 1083392K
  class space    used 5277K, capacity 5646K, committed 5680K, reserved 1048576K
Event: 15.245 GC heap after
Heap after GC invocations=12 (full 2):
 PSYoungGen      total 183296K, used 8515K [0x00000000d5580000, 0x00000000e2580000, 0x0000000100000000)
  eden space 174592K, 0% used [0x00000000d5580000,0x00000000d5580000,0x00000000e0000000)
  from space 8704K, 97% used [0x00000000e1d00000,0x00000000e2550c08,0x00000000e2580000)
  to   space 12800K, 0% used [0x00000000e0c80000,0x00000000e0c80000,0x00000000e1900000)
 ParOldGen       total 71168K, used 17977K [0x0000000080000000, 0x0000000084580000, 0x00000000d5580000)
  object space 71168K, 25% used [0x0000000080000000,0x000000008118e760,0x0000000084580000)
 Metaspace       used 38367K, capacity 40056K, committed 40232K, reserved 1083392K
  class space    used 5277K, capacity 5646K, committed 5680K, reserved 1048576K
}

